22:09:04.428 skipping bootstrap configuration: could not find or read file: classpath:karate-config.js
22:09:05.081 request:
1 > GET https://cybertek-reservation-api-qa2.herokuapp.com/sign?email=sbirdbj%40fc2.com&password=asenorval
1 > Accept: application/json
1 > Accept-Encoding: gzip,deflate
1 > Connection: Keep-Alive
1 > Host: cybertek-reservation-api-qa2.herokuapp.com
1 > User-Agent: Apache-HttpClient/4.5.12 (Java/13.0.2)

22:09:05.981 response time in milliseconds: 898.72
1 < 200
1 < Connection: close
1 < Content-Type: application/json
1 < Date: Mon, 07 Dec 2020 21:09:05 GMT
1 < Server: Jetty(9.4.8.v20171121)
1 < Via: 1.1 vegur
{"accessToken":"eyJhbGciOiJIUzI1NiJ9.eyJqdGkiOiI1NyIsImF1ZCI6InN0dWRlbnQtdGVhbS1sZWFkZXIifQ.a_N9URDBPGOMcDdEVoaMHsJtk3jOnig0v0SCtSWcsGE","refreshToken":"eyJhbGciOiJIUzI1NiJ9.eyJqdGkiOiI1NyIsImF1ZCI6InN0dWRlbnQtdGVhbS1sZWFkZXIifQ.a_N9URDBPGOMcDdEVoaMHsJtk3jOnig0v0SCtSWcsGE"}

22:09:05.983 [print] eyJhbGciOiJIUzI1NiJ9.eyJqdGkiOiI1NyIsImF1ZCI6InN0dWRlbnQtdGVhbS1sZWFkZXIifQ.a_N9URDBPGOMcDdEVoaMHsJtk3jOnig0v0SCtSWcsGE
22:09:05.993 [print] Token From Background eyJhbGciOiJIUzI1NiJ9.eyJqdGkiOiI1NyIsImF1ZCI6InN0dWRlbnQtdGVhbS1sZWFkZXIifQ.a_N9URDBPGOMcDdEVoaMHsJtk3jOnig0v0SCtSWcsGE
22:09:06.017 request:
1 > GET https://cybertek-reservation-api-qa2.herokuapp.com/api/users/me
1 > Accept: application/json
1 > Accept-Encoding: gzip,deflate
1 > Authorization: Bearer eyJhbGciOiJIUzI1NiJ9.eyJqdGkiOiI1NyIsImF1ZCI6InN0dWRlbnQtdGVhbS1sZWFkZXIifQ.a_N9URDBPGOMcDdEVoaMHsJtk3jOnig0v0SCtSWcsGE
1 > Connection: Keep-Alive
1 > Host: cybertek-reservation-api-qa2.herokuapp.com
1 > User-Agent: Apache-HttpClient/4.5.12 (Java/13.0.2)

22:09:06.635 response time in milliseconds: 616.33
1 < 200
1 < Connection: close
1 < Content-Type: application/json
1 < Date: Mon, 07 Dec 2020 21:09:06 GMT
1 < Server: Jetty(9.4.8.v20171121)
1 < Via: 1.1 vegur
{"id":57,"firstName":"Ase","lastName":"Norval","role":"student-team-leader"}

22:09:06.636 [print] {
  "firstName": "Ase",
  "lastName": "Norval",
  "role": "student-team-leader",
  "id": 57
}

e":"EUR","date":"2010-01-12"}

22:07:39.466 skipping bootstrap configuration: could not find or read file: classpath:karate-config.js
22:07:39.469 request:
1 > GET https://api.exchangeratesapi.io/2010-01-12
1 > Accept-Encoding: gzip,deflate
1 > Connection: Keep-Alive
1 > Host: api.exchangeratesapi.io
1 > User-Agent: Apache-HttpClient/4.5.12 (Java/13.0.2)

22:07:39.599 response time in milliseconds: 129.02
1 < 200
1 < Access-Control-Allow-Credentials: true
1 < Access-Control-Allow-Methods: GET
1 < Access-Control-Allow-Origin: *
1 < Age: 954
1 < CF-Cache-Status: HIT
1 < CF-RAY: 5fe137acdc6f7cbe-MUC
1 < Cache-Control: max-age=1800
1 < Connection: keep-alive
1 < Content-Type: application/json
1 < Date: Mon, 07 Dec 2020 21:07:39 GMT
1 < Expect-CT: max-age=604800, report-uri="https://report-uri.cloudflare.com/cdn-cgi/beacon/expect-ct"
1 < NEL: {"report_to":"cf-nel","max_age":604800}
1 < Report-To: {"endpoints":[{"url":"https:\/\/a.nel.cloudflare.com\/report?s=EDNE7GJboW8VL08oWybBvTCVyNQ%2BNw5VSSUBKVi1H0gUQFQFRZnTY2jvxnm7qdliV7ZpqsKUUd7h9AYpC6qzL%2BqFH%2FfwahYkdZ8wPMqTETLGLJKfvwMDWg%3D%3D"}],"group":"cf-nel","max_age":604800}
1 < Server: cloudflare
1 < Set-Cookie: __cfduid=dccf2e91986cab2f997abcb4efdc22d671607375259; expires=Wed, 06-Jan-21 21:07:39 GMT; path=/; domain=.exchangeratesapi.io; HttpOnly; SameSite=Lax
1 < Transfer-Encoding: chunked
1 < Vary: Accept-Encoding
1 < cf-request-id: 06e0a1200700007cbe1b23a000000001
{"rates":{"CAD":1.4959,"HKD":11.2301,"LVL":0.7093,"PHP":66.106,"DKK":7.4405,"HUF":268.18,"CZK":26.258,"AUD":1.5668,"RON":4.1405,"SEK":10.2215,"IDR":13281.14,"INR":66.21,"BRL":2.5309,"RUB":42.6974,"LTL":3.4528,"JPY":132.41,"THB":47.839,"CHF":1.4743,"SGD":2.0133,"PLN":4.0838,"BGN":1.9558,"TRY":2.1084,"CNY":9.8863,"NOK":8.1825,"NZD":1.9573,"ZAR":10.8264,"USD":1.4481,"MXN":18.4995,"EEK":15.6466,"GBP":0.8972,"KRW":1627.4,"MYR":4.8424,"HRK":7.2753},"base":"EUR","date":"2010-01-12"}

22:07:39.601 [print] {
  "date": "2010-01-12",
  "rates": {
    "CHF": 1.4743,
    "HRK": 7.2753,
    "MXN": 18.4995,
    "LVL": 0.7093,
    "LTL": 3.4528,
    "ZAR": 10.8264,
    "INR": 66.21,
    "THB": 47.839,
    "CNY": 9.8863,
    "AUD": 1.5668,
    "KRW": 1627.4,
    "JPY": 132.41,
    "PLN": 4.0838,
    "GBP": 0.8972,
    "IDR": 13281.14,
    "HUF": 268.18,
    "PHP": 66.106,
    "TRY": 2.1084,
    "RUB": 42.6974,
    "HKD": 11.2301,
    "DKK": 7.4405,
    "CAD": 1.4959,
    "USD": 1.4481,
    "MYR": 4.8424,
    "BGN": 1.9558,
    "EEK": 15.6466,
    "NOK": 8.1825,
    "RON": 4.1405,
    "SGD": 2.0133,
    "CZK": 26.258,
    "SEK": 10.2215,
    "NZD": 1.9573,
    "BRL": 2.5309
  },
  "base": "EUR"
}

22:07:39.607 [print] EUR
22:07:39.619 [print] {
  "CHF": 1.4743,
  "HRK": 7.2753,
  "MXN": 18.4995,
  "LVL": 0.7093,
  "LTL": 3.4528,
  "ZAR": 10.8264,
  "INR": 66.21,
  "THB": 47.839,
  "CNY": 9.8863,
  "AUD": 1.5668,
  "KRW": 1627.4,
  "JPY": 132.41,
  "PLN": 4.0838,
  "GBP": 0.8972,
  "IDR": 13281.14,
  "HUF": 268.18,
  "PHP": 66.106,
  "TRY": 2.1084,
  "RUB": 42.6974,
  "HKD": 11.2301,
  "DKK": 7.4405,
  "CAD": 1.4959,
  "USD": 1.4481,
  "MYR": 4.8424,
  "BGN": 1.9558,
  "EEK": 15.6466,
  "NOK": 8.1825,
  "RON": 4.1405,
  "SGD": 2.0133,
  "CZK": 26.258,
  "SEK": 10.2215,
  "NZD": 1.9573,
  "BRL": 2.5309
}

22:07:39.625 [print] 1.4481
22:07:39.653 skipping bootstrap configuration: could not find or read file: classpath:karate-config.js
22:07:39.664 request:
1 > POST http://52.55.102.92:8000/api/spartans
1 > Accept: application/json
1 > Accept-Encoding: gzip,deflate
1 > Connection: Keep-Alive
1 > Content-Length: 55
1 > Content-Type: application/json; charset=UTF-8
1 > Host: 52.55.102.92:8000
1 > User-Agent: Apache-HttpClient/4.5.12 (Java/13.0.2)
{"gender":"Female","name":"Lorenza","phone":3123781237}

22:07:39.941 response time in milliseconds: 275.26
1 < 201
1 < Connection: keep-alive
1 < Content-Type: application/json
1 < Date: Mon, 07 Dec 2020 21:07:41 GMT
1 < Keep-Alive: timeout=60
1 < Location: http://52.55.102.92:8000/api/spartans/956
1 < Transfer-Encoding: chunked
{"success":"A Spartan is Born!","data":{"id":956,"name":"Lorenza","gender":"Female","phone":3123781237}}

22:07:39.941 [print] {
  "data": {
    "gender": "Female",
    "phone": 3123781237,
    "name": "Lorenza",
    "id": 956
  },
  "success": "A Spartan is Born!"
}

22:07:39.955 skipping bootstrap configuration: could not find or read file: classpath:karate-config.js
22:07:40.227 [print] {
  "gender": "Male",
  "phone": 4744955938,
  "name": "Marco"
}

22:07:40.239 skipping bootstrap configuration: could not find or read file: classpath:karate-config.js
22:07:40.298 request:
1 > POST http://52.55.102.92:8000/api/spartans
1 > Accept: application/json
1 > Accept-Encoding: gzip,deflate
1 > Connection: Keep-Alive
1 > Content-Length: 48
1 > Content-Type: application/json; charset=UTF-8
1 > Host: 52.55.102.92:8000
1 > User-Agent: Apache-HttpClient/4.5.12 (Java/13.0.2)
{"gender":"Male","phone":72278966,"name":"Troy"}

22:07:40.565 response time in milliseconds: 266.15
1 < 400
1 < Connection: close
1 < Content-Type: application/json
1 < Date: Mon, 07 Dec 2020 21:07:41 GMT
1 < Transfer-Encoding: chunked
{"timestamp":"2020-12-07T21:07:42.311+00:00","status":400,"error":"Bad Request","message":"","path":"/api/spartans"}

22:07:40.565 status code was: 400, expected: 201, response time: 266, url: http://52.55.102.92:8000/api/spartans, response: {"path":"/api/spartans","error":"Bad Request","message":"","timestamp":"2020-12-07T21:07:42.311+00:00","status":400}
le","phone":6807389887},{"id":219,"name":"Westbrooke","gender":"Male","phone":1127472945},{"id":220,"name":"Jacquelyn","gender":"Female","phone":5351310752},{"id":221,"name":"Zed","gender":"Male","phone":6191454046},{"id":222,"name":"Annabela","gender":"Female","phone":9378766000},{"id":223,"name":"Britteny","gender":"Female","phone":6277794729},{"id":224,"name":"Gorden","gender":"Male","phone":6324688487},{"id":225,"name":"Lindie","gender":"Female","phone":5524825236},{"id":226,"name":"Milka","gender":"Female","phone":7236646635},{"id":227,"name":"Garrot","gender":"Male","phone":9344017054},{"id":228,"name":"Ranna","gender":"Female","phone":8932439439},{"id":229,"name":"Corn","gender":"Male","phone":1231312321},{"id":236,"name":"Shaylynn","gender":"Female","phone":2735233767},{"id":237,"name":"Jennilee","gender":"Female","phone":4548593434},{"id":238,"name":"Georgi","gender":"Male","phone":9373096812},{"id":239,"name":"Cordelia","gender":"Female","phone":5489951874},{"id":240,"name":"Uri","gender":"Male","phone":3712053464},{"id":241,"name":"Ulric","gender":"Male","phone":4685742457},{"id":242,"name":"Herminia","gender":"Female","phone":9018975173},{"id":243,"name":"Berta","gender":"Female","phone":3599686913},{"id":244,"name":"Gabrila","gender":"Female","phone":8806003573},{"id":245,"name":"Barnabe","gender":"Male","phone":3508091535},{"id":246,"name":"Kelli","gender":"Female","phone":4209095035},{"id":247,"name":"Melesa","gender":"Female","phone":4971904579},{"id":248,"name":"Gabbie","gender":"Male","phone":5803696718},{"id":249,"name":"Carl","gender":"Male","phone":1719436961},{"id":251,"name":"Maradona","gender":"Male","phone":1231223223},{"id":252,"name":"MikeEU","gender":"Male","phone":8877445596},{"id":253,"name":"Maradona","gender":"Male","phone":1231223223},{"id":254,"name":"Maradona","gender":"Male","phone":1231223223},{"id":255,"name":"MikeEU","gender":"Male","phone":8877445596},{"id":256,"name":"MikeEU2","gender":"Male","phone":8877445596},{"id":290,"name":"Mike","gender":"Male","phone":2834976523},{"id":272,"name":"MikeEU3","gender":"Male","phone":8877445596},{"id":336,"name":"MikeEU","gender":"Male","phone":8877445596},{"id":338,"name":"MikeEU","gender":"Male","phone":8877445596},{"id":412,"name":"Joannie","gender":"Male","phone":4967049943},{"id":339,"name":"MikeEU","gender":"Male","phone":8877445596},{"id":345,"name":"MikeEU","gender":"Male","phone":8877445596},{"id":346,"name":"MikeEU","gender":"Male","phone":8877445596},{"id":347,"name":"Karate","gender":"Male","phone":32112312323},{"id":348,"name":"Karate","gender":"Male","phone":32112312323},{"id":349,"name":"Karate","gender":"Male","phone":32112312323},{"id":350,"name":"Karate","gender":"Male","phone":32112312323},{"id":351,"name":"Karate","gender":"Male","phone":32112312323},{"id":359,"name":"Viki","gender":"Male","phone":4747267107},{"id":360,"name":"Michelle","gender":"Female","phone":7849048243},{"id":361,"name":"Humberto","gender":"Male","phone":1505206489},{"id":386,"name":"like","gender":"Male","phone":43234238789},{"id":372,"name":"Lyman","gender":"Male","phone":8172992324},{"id":388,"name":"like","gender":"Male","phone":43234238789},{"id":389,"name":"like","gender":"Male","phone":43234238789},{"id":390,"name":"like","gender":"Male","phone":43234238789},{"id":393,"name":"DeliDana","gender":"Male","phone":9237777123},{"id":394,"name":"DeliDana","gender":"Male","phone":9237777123},{"id":395,"name":"DeliDana","gender":"Male","phone":9237777123},{"id":396,"name":"HaciSakir","gender":"Male","phone":5946542789},{"id":404,"name":"Lorenza","gender":"Female","phone":3312820936},{"id":405,"name":"Brittanie","gender":"Male","phone":9838398481},{"id":406,"name":"Stephany","gender":"Male","phone":5646332465},{"id":407,"name":"Lorenza","gender":"Female","phone":3123781237},{"id":408,"name":"Reagan","gender":"Female","phone":1696165666},{"id":409,"name":"Benton","gender":"Male","phone":7523771316},{"id":413,"name":"Lorenza","gender":"Female","phone":3123781237},{"id":420,"name":"Lorenza","gender":"Female","phone":3123781237},{"id":423,"name":"HaciSakir","gender":"Male","phone":5946542789},{"id":425,"name":"Sadyo Mane","gender":"Male","phone":3123781237},{"id":428,"name":"Sadyo Mane","gender":"Male","phone":3123781237},{"id":429,"name":"Sadyo Mane","gender":"Male","phone":3123781237},{"id":430,"name":"Mısır M.Salah","gender":"Male","phone":3123781237},{"id":431,"name":"Judy","gender":"Female","phone":3601009888},{"id":432,"name":"MikeEU","gender":"Male","phone":8877445596},{"id":433,"name":"MikeEU","gender":"Male","phone":8877445596},{"id":446,"name":"MikeEU","gender":"Male","phone":8877445596},{"id":447,"name":"MikeEU","gender":"Male","phone":8877445596},{"id":449,"name":"MikeSmith","gender":"Male","phone":1231232133},{"id":453,"name":"MikeSmith","gender":"Male","phone":1231232133},{"id":460,"name":"Emeline","gender":"Male","phone":3247331760},{"id":458,"name":"Dennis","gender":"Male","phone":12345678901},{"id":459,"name":"Ebonie","gender":"Female","phone":9644670592},{"id":461,"name":"Yolanda","gender":"Male","phone":3155515519},{"id":462,"name":"Lorenza","gender":"Female","phone":3123781237},{"id":463,"name":"Antonio","gender":"Female","phone":51495983017},{"id":488,"name":"Renea","gender":"Male","phone":93108097145},{"id":510,"name":"Lorenza","gender":"Female","phone":3123781237},{"id":492,"name":"Ulrike","gender":"Male","phone":9155170062},{"id":499,"name":"Royal","gender":"Male","phone":5016707887},{"id":526,"name":"Vicky","gender":"Female","phone":3456789032},{"id":513,"name":"Lorenza","gender":"Female","phone":3123781237},{"id":516,"name":"Vicky","gender":"Female","phone":3456789032},{"id":536,"name":"Lorenza","gender":"Female","phone":3123781237},{"id":603,"name":"Lorenza","gender":"Female","phone":3123781237},{"id":537,"name":"Hung","gender":"Female","phone":9312970699},{"id":541,"name":"Ferdinand","gender":"Female","phone":2725265568},{"id":548,"name":"Lorenza","gender":"Female","phone":3123781237},{"id":599,"name":"Arlie","gender":"Male","phone":6637065079},{"id":601,"name":"Lorenza","gender":"Female","phone":3123781237},{"id":126,"name":"MikeEU","gender":"Male","phone":8877445596},{"id":187,"name":"MikeEU","gender":"Male","phone":8877445596},{"id":3,"name":"Fidole","gender":"Male","phone":6105035233},{"id":4,"name":"Paige","gender":"Female","phone":3786741487},{"id":5,"name":"Blythe","gender":"Female","phone":3677539542},{"id":6,"name":"Tedmund","gender":"Male","phone":2227140732},{"id":7,"name":"Hershel","gender":"Male","phone":5278678322},{"id":8,"name":"Rodolfo","gender":"Male","phone":9601637574},{"id":9,"name":"Florrie","gender":"Female","phone":1702025787},{"id":10,"name":"Lorenza","gender":"Female","phone":3312820936},{"id":11,"name":"Nona","gender":"Female","phone":7959094216},{"id":12,"name":"Sol","gender":"Male","phone":7006438852},{"id":13,"name":"Jaimie","gender":"Female","phone":7842554879},{"id":14,"name":"Grenville","gender":"Male","phone":1065669615},{"id":15,"name":"Meta","gender":"Female","phone":1938695106},{"id":205,"name":"MikeEU","gender":"Male","phone":8877445596},{"id":17,"name":"Wash","gender":"Male","phone":4978976378},{"id":18,"name":"Allen","gender":"Male","phone":8716150217},{"id":19,"name":"Bunnie","gender":"Female","phone":7662992732},{"id":20,"name":"Lothario","gender":"Male","phone":7551551687},{"id":21,"name":"Mark","gender":"Male","phone":1852873386},{"id":22,"name":"Koenraad","gender":"Male","phone":8451740840},{"id":23,"name":"Mervin","gender":"Male","phone":9098436816},{"id":24,"name":"Julio","gender":"Male","phone":9393139934},{"id":397,"name":"Lorenza","gender":"Female","phone":3123781237},{"id":26,"name":"Correy","gender":"Female","phone":7823876031},{"id":258,"name":"mathmanaas","gender":"Male","phone":4234543556},{"id":28,"name":"Woodrow","gender":"Male","phone":7411659821},{"id":29,"name":"Dorelle","gender":"Female","phone":6687391932},{"id":30,"name":"Melania","gender":"Female","phone":8916944276},{"id":31,"name":"Maressa","gender":"Female","phone":2018031787},{"id":32,"name":"Tessie","gender":"Female","phone":9545879168},{"id":33,"name":"Wilek","gender":"Male","phone":2877865902},{"id":34,"name":"Tucky","gender":"Male","phone":2935099804},{"id":35,"name":"Gardiner","gender":"Male","phone":3751113352},{"id":36,"name":"Sylas","gender":"Male","phone":9853891474},{"id":37,"name":"Grannie","gender":"Male","phone":1075127669},{"id":38,"name":"Juan","gender":"Male","phone":9614487605},{"id":39,"name":"Eveleen","gender":"Female","phone":1362642898},{"id":40,"name":"Druci","gender":"Female","phone":4507606768},{"id":41,"name":"Rosy","gender":"Female","phone":6721964988},{"id":42,"name":"Atlante","gender":"Female","phone":4579688654},{"id":43,"name":"Reid","gender":"Male","phone":8833893900},{"id":44,"name":"Panchito","gender":"Male","phone":7486765293},{"id":45,"name":"Heddie","gender":"Female","phone":1271425843},{"id":46,"name":"Delora","gender":"Female","phone":4115324496},{"id":47,"name":"Domenic","gender":"Male","phone":3952704485},{"id":48,"name":"Wyatt","gender":"Male","phone":7682768714},{"id":49,"name":"Reinaldo","gender":"Male","phone":3623233145},{"id":50,"name":"Jennica","gender":"Female","phone":6986436734},{"id":51,"name":"Padriac","gender":"Male","phone":8444611168},{"id":52,"name":"Tome","gender":"Male","phone":5654109704},{"id":53,"name":"Berna","gender":"Female","phone":2072918455},{"id":54,"name":"Bevon","gender":"Male","phone":9831834168},{"id":55,"name":"Karmen","gender":"Female","phone":5052029186},{"id":56,"name":"Ewan","gender":"Male","phone":5733729948},{"id":57,"name":"Freida","gender":"Female","phone":5712679899},{"id":58,"name":"Alfy","gender":"Female","phone":6529078662},{"id":274,"name":"asdadtfa","gender":"Male","phone":123456678234},{"id":60,"name":"Elisabeth","gender":"Female","phone":8165224005},{"id":61,"name":"Earlie","gender":"Male","phone":5709633007},{"id":62,"name":"Robinia","gender":"Female","phone":3542611707},{"id":63,"name":"Clayton","gender":"Male","phone":1782167106},{"id":64,"name":"Putnam","gender":"Male","phone":6744135688},{"id":65,"name":"Sean","gender":"Male","phone":8566508311},{"id":66,"name":"Quentin","gender":"Male","phone":3159018391},{"id":67,"name":"Janette","gender":"Female","phone":9887020445},{"id":68,"name":"Adda","gender":"Female","phone":5361981152},{"id":69,"name":"Elinor","gender":"Female","phone":3161765672},{"id":70,"name":"Abbey","gender":"Male","phone":1259516767},{"id":71,"name":"Collen","gender":"Female","phone":9614634242},{"id":72,"name":"Orion","gender":"Male","phone":7485352272},{"id":73,"name":"Amalita","gender":"Female","phone":2663607211},{"id":74,"name":"Chen","gender":"Male","phone":9537864587},{"id":75,"name":"Leland","gender":"Female","phone":9672110769},{"id":76,"name":"Arnie","gender":"Male","phone":4541117370},{"id":77,"name":"Stevana","gender":"Female","phone":1459126818},{"id":78,"name":"Cob","gender":"Male","phone":1853354209},{"id":79,"name":"Philis","gender":"Female","phone":2277085963},{"id":80,"name":"Jocelin","gender":"Female","phone":4299058649},{"id":81,"name":"Georgianne","gender":"Female","phone":9594130239},{"id":82,"name":"Catie","gender":"Female","phone":4758237746},{"id":83,"name":"Franky","gender":"Male","phone":7647130621},{"id":84,"name":"Saw","gender":"Male","phone":2673833440},{"id":85,"name":"Ingamar","gender":"Male","phone":6835038785},{"id":86,"name":"Brook","gender":"Female","phone":2655095364},{"id":87,"name":"Fenelia","gender":"Female","phone":6475942543},{"id":88,"name":"Julie","gender":"Male","phone":1279288759},{"id":89,"name":"Haci","gender":"Male","phone":6807389222},{"id":90,"name":"PutName","gender":"Male","phone":1231312321},{"id":91,"name":"PutName","gender":"Male","phone":1231312321},{"id":92,"name":"Caitlin","gender":"Female","phone":6911121800},{"id":93,"name":"Chanda","gender":"Female","phone":9289012086},{"id":94,"name":"Marylee","gender":"Female","phone":6385380284},{"id":95,"name":"Lilias","gender":"Female","phone":5986446659},{"id":96,"name":"Abie","gender":"Male","phone":1788387111},{"id":97,"name":"Saleem","gender":"Male","phone":6586151920},{"id":98,"name":"Elita","gender":"Female","phone":1042902741},{"id":99,"name":"Adair","gender":"Male","phone":3154964396},{"id":100,"name":"Terence","gender":"Male","phone":1311814806},{"id":190,"name":"MikeEU","gender":"Male","phone":8877445596},{"id":191,"name":"MikeEU","gender":"Male","phone":8877445596},{"id":192,"name":"MikeEU","gender":"Male","phone":8877445596},{"id":193,"name":"MikeEU2","gender":"Male","phone":8877445596},{"id":275,"name":"asdada","gender":"Male","phone":1234566789234},{"id":384,"name":"like","gender":"Male","phone":43234238789},{"id":314,"name":"Mike","gender":"Male","phone":3432423784},{"id":328,"name":"Mike","gender":"Male","phone":1234567891},{"id":330,"name":"Mike","gender":"Male","phone":1234567891},{"id":398,"name":"Maradona","gender":"Male","phone":1623456789},{"id":399,"name":"NaberLaa","gender":"Female","phone":9994456858},{"id":400,"name":"Vicky","gender":"Female","phone":3456789032},{"id":401,"name":"Vicky","gender":"Female","phone":3456789032},{"id":410,"name":"Malcom","gender":"Male","phone":6112225838},{"id":414,"name":"Felix","gender":"Female","phone":2702261116},{"id":415,"name":"Laverne","gender":"Male","phone":4338592943},{"id":416,"name":"Tegan","gender":"Female","phone":3947805304},{"id":417,"name":"Luna","gender":"Male","phone":9104372832},{"id":418,"name":"Reggie","gender":"Female","phone":3082336289},{"id":424,"name":"Lorenza","gender":"Female","phone":3123781237},{"id":438,"name":"MikeEU3","gender":"Male","phone":8877445596},{"id":450,"name":"MikeSmith","gender":"Male","phone":1231232133},{"id":451,"name":"MikeSmith","gender":"Male","phone":1231232133},{"id":452,"name":"MikeSmith","gender":"Male","phone":1231232133},{"id":479,"name":"Olinda","gender":"Male","phone":2388674112},{"id":480,"name":"Brett","gender":"Female","phone":5784510604},{"id":481,"name":"Hershel","gender":"Female","phone":2226617962},{"id":587,"name":"Elfrieda","gender":"Male","phone":8504076868},{"id":590,"name":"Jessica","gender":"Male","phone":1534995076},{"id":589,"name":"Lorenza","gender":"Female","phone":3123781237},{"id":598,"name":"Lorenza","gender":"Female","phone":3123781237},{"id":592,"name":"Lorenza","gender":"Female","phone":3123781237},{"id":593,"name":"Adolfo","gender":"Female","phone":7274578470},{"id":595,"name":"Lorenza","gender":"Female","phone":3123781237},{"id":596,"name":"Alvaro","gender":"Male","phone":6425795557},{"id":600,"name":"Mindy","gender":"Female","phone":9498520186},{"id":604,"name":"Olen","gender":"Female","phone":1229368311},{"id":615,"name":"Lorenza","gender":"Female","phone":3123781237},{"id":608,"name":"Lorenza","gender":"Female","phone":3123781237},{"id":610,"name":"NaberLaa","gender":"Female","phone":9994456858},{"id":613,"name":"Laureen","gender":"Female","phone":2523919016},{"id":620,"name":"Lorenza","gender":"Female","phone":3123781237},{"id":616,"name":"Dale","gender":"Female","phone":3613876330},{"id":618,"name":"Franklyn","gender":"Male","phone":3636803124},{"id":621,"name":"Trang","gender":"Female","phone":1301139968},{"id":624,"name":"Lorenza","gender":"Female","phone":3123781237},{"id":112,"name":"MikeSmith","gender":"Male","phone":5278678322},{"id":113,"name":"MJ","gender":"Male","phone":1231232111},{"id":434,"name":"MikeEU","gender":"Male","phone":8877445596},{"id":150,"name":"Jamal","gender":"Male","phone":8877445596},{"id":151,"name":"MikeEU2","gender":"Male","phone":8877445596},{"id":311,"name":"Mike","gender":"Male","phone":1234567891},{"id":153,"name":"MikeEU2","gender":"Male","phone":8877445596},{"id":154,"name":"MikeEU2","gender":"Male","phone":8877445596},{"id":155,"name":"MikeEU2","gender":"Male","phone":8877445596},{"id":156,"name":"MikeEU","gender":"Male","phone":8877445596},{"id":157,"name":"MikeEU3","gender":"Male","phone":8877445596},{"id":158,"name":"MikeEU3","gender":"Male","phone":8877445596},{"id":159,"name":"MikeEU3","gender":"Male","phone":8877445596},{"id":583,"name":"Lorenza","gender":"Female","phone":3123781237},{"id":161,"name":"MikeEU","gender":"Male","phone":8877445596},{"id":162,"name":"MikeEU21","gender":"Male","phone":8877445596},{"id":163,"name":"MikeEU3","gender":"Male","phone":8877445596},{"id":164,"name":"MikeEU3","gender":"Male","phone":8877445596},{"id":165,"name":"MikeEU3","gender":"Male","phone":8877445596},{"id":166,"name":"MikeEU3","gender":"Male","phone":8877445596},{"id":167,"name":"MikeEU3","gender":"Male","phone":8877445596},{"id":168,"name":"MikeEU3","gender":"Male","phone":8877445596},{"id":169,"name":"MikeEU3","gender":"Male","phone":8877445596},{"id":170,"name":"Lorenza","gender":"Female","phone":3312820936},{"id":171,"name":"Lorenza","gender":"Female","phone":3312820936},{"id":172,"name":"MikeEU","gender":"Male","phone":8877445596},{"id":173,"name":"MikeEU2","gender":"Male","phone":12121212123},{"id":174,"name":"MikeEU3","gender":"Male","phone":8877445596},{"id":175,"name":"MikeEU3","gender":"Male","phone":8877445596},{"id":177,"name":"MikeEU","gender":"Male","phone":8877445596},{"id":178,"name":"MikeEU2","gender":"Male","phone":8877445596},{"id":232,"name":"Orv","gender":"Male","phone":3206523858},{"id":230,"name":"Damaris","gender":"Female","phone":3654587834},{"id":181,"name":"MikeEU","gender":"Male","phone":8877445596},{"id":182,"name":"MikeEU","gender":"Male","phone":8877445596},{"id":183,"name":"MikeEU","gender":"Male","phone":8877445596},{"id":231,"name":"Judie","gender":"Female","phone":1037582544},{"id":233,"name":"Sydel","gender":"Female","phone":3063962943},{"id":234,"name":"Ned","gender":"Male","phone":9114608718},{"id":235,"name":"Odo","gender":"Male","phone":6557742871},{"id":270,"name":"MikeEU3","gender":"Male","phone":8877445596},{"id":288,"name":"Mike","gender":"Male","phone":2834976523},{"id":289,"name":"Crystal","gender":"Female","phone":5524280441},{"id":334,"name":"MikeEU","gender":"Male","phone":8877445596},{"id":325,"name":"Mike","gender":"Male","phone":1234567891},{"id":402,"name":"Dennis","gender":"Male","phone":12345678901},{"id":403,"name":"Lorenza","gender":"Female","phone":31234781237},{"id":464,"name":"Lilia","gender":"Female","phone":5299365251},{"id":465,"name":"Jonas","gender":"Male","phone":1743529726},{"id":466,"name":"Elton","gender":"Male","phone":6519451761},{"id":467,"name":"Miguel","gender":"Male","phone":6257647184},{"id":468,"name":"Casey","gender":"Male","phone":12949707349},{"id":469,"name":"Wally","gender":"Female","phone":9373124498},{"id":470,"name":"Viviana","gender":"Female","phone":41903501627},{"id":471,"name":"Bobby","gender":"Male","phone":9549717959},{"id":472,"name":"Lucila","gender":"Female","phone":4826219968},{"id":473,"name":"Adria","gender":"Male","phone":2141937194},{"id":474,"name":"Floretta","gender":"Male","phone":79544159945},{"id":475,"name":"Sierra","gender":"Female","phone":8103700786},{"id":476,"name":"Marisa","gender":"Female","phone":5705795300},{"id":574,"name":"Lorenza","gender":"Female","phone":3123781237},{"id":575,"name":"Emanuel","gender":"Female","phone":9328387320},{"id":577,"name":"Lorenza","gender":"Female","phone":3123781237},{"id":578,"name":"Alica","gender":"Female","phone":4819930861},{"id":580,"name":"Lorenza","gender":"Female","phone":3123781237},{"id":581,"name":"Shizue","gender":"Male","phone":1165495426},{"id":584,"name":"Lorenza","gender":"Female","phone":3123781237},{"id":585,"name":"Lavelle","gender":"Female","phone":3913662484},{"id":818,"name":"Lorenza","gender":"Female","phone":3123781237},{"id":625,"name":"Chong","gender":"Male","phone":5285754306},{"id":823,"name":"Shayne","gender":"Female","phone":4837622916},{"id":819,"name":"Jessica","gender":"Male","phone":5294528619},{"id":821,"name":"Lorenza","gender":"Female","phone":3123781237},{"id":825,"name":"Lorenza","gender":"Female","phone":3123781237},{"id":826,"name":"Della","gender":"Male","phone":1447718796},{"id":828,"name":"Lorenza","gender":"Female","phone":3123781237},{"id":829,"name":"Karine","gender":"Female","phone":9840292072},{"id":831,"name":"Lorenza","gender":"Female","phone":3123781237},{"id":832,"name":"Sean","gender":"Female","phone":2402873174},{"id":116,"name":"MikeSmith","gender":"Male","phone":1231232133},{"id":117,"name":"MikeSmith","gender":"Male","phone":1231234567},{"id":118,"name":"MikeSmith","gender":"Male","phone":1231232133},{"id":119,"name":"MikeSmith","gender":"Male","phone":1231232133},{"id":120,"name":"Sitivin Ging","gender":"Male","phone":7776542789},{"id":121,"name":"John Bliver","gender":"Male","phone":1234567891},{"id":122,"name":"16723&5^$#@6127","gender":"Male","phone":1231232133},{"id":123,"name":"MikeSmith","gender":"Male","phone":1111222333},{"id":124,"name":"Lorenza","gender":"Female","phone":3312820936},{"id":125,"name":"MikeSmith","gender":"Male","phone":1231232133},{"id":128,"name":"MikeEU","gender":"Male","phone":8877445596},{"id":129,"name":"MikeEU","gender":"Male","phone":8877445596},{"id":130,"name":"MikeEU","gender":"Male","phone":8877445596},{"id":131,"name":"MikeEU","gender":"Male","phone":8877445596},{"id":132,"name":"MikeEU","gender":"Male","phone":8877445596},{"id":133,"name":"MikeEU","gender":"Male","phone":8877445596},{"id":134,"name":"Hippocratides","gender":"Male","phone":8877445596},{"id":135,"name":"MikeEU","gender":"Male","phone":8877445596},{"id":136,"name":"MikeEU","gender":"Male","phone":8877445596},{"id":137,"name":"MikeEU","gender":"Male","phone":8877445596},{"id":138,"name":"Agis","gender":"Male","phone":8877445596},{"id":139,"name":"MikeEU","gender":"Male","phone":8877445596},{"id":140,"name":"MikeEU","gender":"Male","phone":8877445596},{"id":141,"name":"MikeEU2","gender":"Male","phone":8877445596},{"id":148,"name":"MikeEU2","gender":"Male","phone":8877445596},{"id":186,"name":"MikeEU","gender":"Male","phone":8877445596},{"id":189,"name":"MikeEU","gender":"Male","phone":8877445596},{"id":271,"name":"MikeEU3","gender":"Male","phone":8877445596},{"id":278,"name":"asdadtfa","gender":"Male","phone":123456678234},{"id":282,"name":"Mike","gender":"Male","phone":2834976523},{"id":284,"name":"Dom","gender":"Male","phone":7845672578},{"id":283,"name":"Crystal","gender":"Female","phone":5524280441},{"id":285,"name":"Crystal","gender":"Female","phone":5524280441},{"id":286,"name":"Crystal","gender":"Female","phone":5524280441},{"id":287,"name":"Crystal","gender":"Female","phone":5524280441},{"id":291,"name":"MikeEU","gender":"Male","phone":2233344441},{"id":292,"name":"MikeEU","gender":"Male","phone":8877445596},{"id":293,"name":"MikeEU","gender":"Male","phone":8877445596},{"id":294,"name":"MikeEU","gender":"Male","phone":8877445596},{"id":295,"name":"MikeEU","gender":"Male","phone":8877445596},{"id":302,"name":"Gregoire","gender":"Male","phone":8504518012},{"id":297,"name":"Said","gender":"Female","phone":1233456786},{"id":300,"name":"Said","gender":"Female","phone":1233456786},{"id":301,"name":"Crystal","gender":"Female","phone":5524280441},{"id":303,"name":"Gordan","gender":"Male","phone":1102748011},{"id":304,"name":"Jacquelin","gender":"Female","phone":1244294978},{"id":305,"name":"Grantley","gender":"Male","phone":5634394595},{"id":306,"name":"Granville","gender":"Male","phone":2894172611},{"id":307,"name":"Zorah","gender":"Female","phone":3415950418},{"id":308,"name":"Clarie","gender":"Female","phone":5802035338},{"id":309,"name":"Tadeas","gender":"Male","phone":8451911419},{"id":310,"name":"Annabelle","gender":"Female","phone":4988111013},{"id":315,"name":"Mikeupdated","gender":"Female","phone":2222211133},{"id":316,"name":"Mikeupdated","gender":"Female","phone":2222211133},{"id":317,"name":"Mikeupdated","gender":"Female","phone":2222211133},{"id":318,"name":"Mikeupdated","gender":"Female","phone":2222211133},{"id":319,"name":"Mikeupdated","gender":"Female","phone":2222211133},{"id":320,"name":"Mikeupdated","gender":"Female","phone":2222211133},{"id":321,"name":"Mikeupdated","gender":"Female","phone":2222211133},{"id":322,"name":"Mikeupdated","gender":"Female","phone":2222211133},{"id":335,"name":"MikeEU","gender":"Male","phone":8877445596},{"id":344,"name":"MikeEU2","gender":"Male","phone":8877445596},{"id":343,"name":"MikeEU","gender":"Male","phone":8877445596},{"id":362,"name":"Tonya","gender":"Female","phone":3806024355},{"id":391,"name":"like","gender":"Male","phone":43234238789},{"id":392,"name":"like","gender":"Male","phone":43234238789},{"id":411,"name":"Agatha","gender":"Male","phone":9800789889},{"id":421,"name":"Lorenza","gender":"Female","phone":3123781237},{"id":422,"name":"Lorenza","gender":"Female","phone":3123781237},{"id":437,"name":"MikeEU","gender":"Male","phone":8877445596},{"id":448,"name":"MikeEU","gender":"Male","phone":8877445596},{"id":477,"name":"Otis","gender":"Male","phone":41296649769},{"id":478,"name":"Candyce","gender":"Male","phone":6162711693},{"id":630,"name":"Vanna","gender":"Female","phone":3956604689},{"id":627,"name":"Lorenza","gender":"Female","phone":3312820936},{"id":632,"name":"Lorenza","gender":"Female","phone":3123781237},{"id":635,"name":"Lorenza","gender":"Female","phone":3123781237},{"id":633,"name":"Ladawn","gender":"Female","phone":7101064202},{"id":636,"name":"Kurtis","gender":"Female","phone":1864344683},{"id":642,"name":"Lorenza","gender":"Female","phone":3123781237},{"id":640,"name":"Seymour","gender":"Female","phone":6756960718},{"id":644,"name":"Guadalupe","gender":"Female","phone":2136328455},{"id":643,"name":"Lorenza","gender":"Female","phone":3123781237},{"id":646,"name":"Lorenza","gender":"Female","phone":3123781237},{"id":660,"name":"Lorenza","gender":"Female","phone":3123781237},{"id":650,"name":"Elisa","gender":"Male","phone":5756090581},{"id":651,"name":"Lorenza","gender":"Female","phone":3123781237},{"id":653,"name":"Jessie","gender":"Female","phone":6394961205},{"id":655,"name":"Dennis","gender":"Male","phone":12345678901},{"id":661,"name":"Cory","gender":"Female","phone":8185485942},{"id":669,"name":"Lorenza","gender":"Female","phone":3123781237},{"id":664,"name":"Lorenza","gender":"Female","phone":3123781237},{"id":666,"name":"Kyong","gender":"Male","phone":7554859097},{"id":670,"name":"Modesto","gender":"Female","phone":3914184609},{"id":672,"name":"Lorenza","gender":"Female","phone":3123781237},{"id":674,"name":"Andy","gender":"Male","phone":6951996733},{"id":676,"name":"Ira","gender":"Female","phone":9451832842},{"id":678,"name":"Dean","gender":"Female","phone":6161330139},{"id":693,"name":"Lorenza","gender":"Female","phone":3123781237},{"id":682,"name":"Suanne","gender":"Female","phone":6093422734},{"id":683,"name":"Elmira","gender":"Male","phone":2988290501},{"id":686,"name":"Lorenza","gender":"Female","phone":3123781237},{"id":687,"name":"Johnny","gender":"Female","phone":9042632781},{"id":699,"name":"Ezekiel","gender":"Male","phone":3732629159},{"id":695,"name":"Lorenza","gender":"Female","phone":3123781237},{"id":702,"name":"Reanna","gender":"Male","phone":7931743259},{"id":706,"name":"Lorenza","gender":"Female","phone":3123781237},{"id":710,"name":"Lela","gender":"Female","phone":9489034943},{"id":712,"name":"Lorenza","gender":"Female","phone":3123781237},{"id":714,"name":"Lavonna","gender":"Male","phone":5092933848},{"id":718,"name":"Lorenza","gender":"Female","phone":3123781237},{"id":720,"name":"Enrique","gender":"Female","phone":1924188256},{"id":722,"name":"Cristopher","gender":"Male","phone":9584675022},{"id":731,"name":"NaberLaa","gender":"Female","phone":9994456858},{"id":728,"name":"Lorenza","gender":"Female","phone":3123781237},{"id":730,"name":"Elva","gender":"Male","phone":8164450711},{"id":732,"name":"NaberLaa","gender":"Female","phone":9994456858},{"id":733,"name":"Kenneth","gender":"Female","phone":5108474968},{"id":735,"name":"Lorenza","gender":"Female","phone":3123781237},{"id":744,"name":"Ezekiel","gender":"Female","phone":7036505850},{"id":740,"name":"Maximo","gender":"Female","phone":9997359603},{"id":741,"name":"Aaron","gender":"Female","phone":5889183602},{"id":745,"name":"Lorenza","gender":"Female","phone":3123781237},{"id":747,"name":"Denny","gender":"Male","phone":7254856569},{"id":752,"name":"Shu","gender":"Female","phone":1639323480},{"id":127,"name":"MikeEU","gender":"Male","phone":8877445596},{"id":188,"name":"MikhhheSmith","gender":"Male","phone":1231232133},{"id":194,"name":"MikeEU2","gender":"Male","phone":8877445596},{"id":195,"name":"Wermke","gender":"Male","phone":1524521500},{"id":196,"name":"MikeEU","gender":"Male","phone":8877445596},{"id":197,"name":"MikeEU","gender":"Male","phone":8877445596},{"id":198,"name":"MikeEU2","gender":"Male","phone":8877445596},{"id":259,"name":"mathmanaas","gender":"Male","phone":4234543556},{"id":263,"name":"mathmanaas","gender":"Male","phone":4234543556},{"id":261,"name":"Mike","gender":"Male","phone":1234567891},{"id":265,"name":"WelcomeSpartan","gender":"Male","phone":1234524523},{"id":264,"name":"mathmanaas","gender":"Male","phone":4234543556},{"id":266,"name":"DiegoMaradona","gender":"Male","phone":123122322322},{"id":267,"name":"MikeEU3","gender":"Male","phone":8877445596},{"id":268,"name":"MikeEU3","gender":"Male","phone":8877445596},{"id":269,"name":"MikeEU","gender":"Male","phone":8877445596},{"id":273,"name":"Mike","gender":"Male","phone":2834976523},{"id":340,"name":"Sare","gender":"Female","phone":12000000088},{"id":341,"name":"Sare","gender":"Female","phone":12000000088},{"id":342,"name":"Sare","gender":"Female","phone":12000000088},{"id":352,"name":"Katheleen","gender":"Male","phone":4031090447},{"id":353,"name":"Chantel","gender":"Male","phone":2690564487},{"id":354,"name":"Rueben","gender":"Female","phone":4717759436},{"id":355,"name":"Ricky","gender":"Male","phone":7811060170},{"id":356,"name":"Gail","gender":"Male","phone":4327204007},{"id":357,"name":"Britt","gender":"Female","phone":3801417600},{"id":358,"name":"Kevin","gender":"Male","phone":8164384727},{"id":368,"name":"Karate","gender":"Male","phone":32112312323},{"id":366,"name":"Karate","gender":"Male","phone":32112312323},{"id":436,"name":"MikeEU","gender":"Male","phone":8877445596},{"id":369,"name":"Ivana","gender":"Female","phone":4557645404},{"id":385,"name":"like","gender":"Male","phone":43234238789},{"id":435,"name":"MikeEU","gender":"Male","phone":8877445596},{"id":439,"name":"MikeEU","gender":"Male","phone":8877445596},{"id":440,"name":"MikeEU","gender":"Male","phone":8877445596},{"id":441,"name":"MikeEU","gender":"Male","phone":8877445596},{"id":442,"name":"Lorenza","gender":"Female","phone":3123781237},{"id":443,"name":"Lorenza","gender":"Female","phone":3123781237},{"id":444,"name":"MikeEU3","gender":"Male","phone":8877445596},{"id":445,"name":"MikeEU3","gender":"Male","phone":8877445596},{"id":564,"name":"Karate","gender":"Male","phone":32112312323},{"id":561,"name":"Lorenza","gender":"Female","phone":3123781237},{"id":609,"name":"NaberLaa","gender":"Female","phone":9994456858},{"id":565,"name":"Werner","gender":"Male","phone":4737669876},{"id":567,"name":"Karate","gender":"Male","phone":32112312323},{"id":568,"name":"Lorenzo","gender":"Female","phone":7010415806},{"id":606,"name":"Lorenza","gender":"Female","phone":3123781237},{"id":607,"name":"Erich","gender":"Male","phone":2632391065},{"id":611,"name":"Verdell","gender":"Male","phone":6438319122},{"id":629,"name":"Lorenza","gender":"Female","phone":3123781237},{"id":657,"name":"Lorenza","gender":"Female","phone":3123781237},{"id":638,"name":"Lorenza","gender":"Female","phone":3123781237},{"id":639,"name":"Lorenza","gender":"Female","phone":3123781237},{"id":647,"name":"Melvina","gender":"Female","phone":8366345155},{"id":649,"name":"Lorenza","gender":"Female","phone":3123781237},{"id":677,"name":"Marisha","gender":"Male","phone":4416515342},{"id":658,"name":"Bo","gender":"Male","phone":5135400929},{"id":663,"name":"Lorenza","gender":"Female","phone":3123781237},{"id":665,"name":"Giuseppina","gender":"Female","phone":8374860035},{"id":673,"name":"Lorenza","gender":"Female","phone":3123781237},{"id":685,"name":"Vicky","gender":"Female","phone":3456789032},{"id":679,"name":"Elfreda","gender":"Female","phone":6346886440},{"id":681,"name":"Dirk","gender":"Male","phone":9871777341},{"id":704,"name":"Lorenza","gender":"Female","phone":3123781237},{"id":689,"name":"Lorenza","gender":"Female","phone":3123781237},{"id":691,"name":"Mel","gender":"Female","phone":1633319411},{"id":698,"name":"Lorenza","gender":"Female","phone":3123781237},{"id":697,"name":"Gale","gender":"Female","phone":1738428430},{"id":701,"name":"Lorenza","gender":"Female","phone":3123781237},{"id":707,"name":"Martina","gender":"Female","phone":9107235100},{"id":705,"name":"Carl","gender":"Female","phone":2458799142},{"id":721,"name":"Lorenza","gender":"Female","phone":3123781237},{"id":709,"name":"Lorenza","gender":"Female","phone":3123781237},{"id":715,"name":"Lorenza","gender":"Female","phone":3123781237},{"id":716,"name":"Buford","gender":"Female","phone":3006145483},{"id":724,"name":"Vicky","gender":"Female","phone":3456789032},{"id":739,"name":"Amira","gender":"Male","phone":3797509704},{"id":726,"name":"Lorenza","gender":"Female","phone":3312820936},{"id":736,"name":"Lorina","gender":"Female","phone":3395522630},{"id":743,"name":"Lorenza","gender":"Female","phone":3123781237},{"id":742,"name":"Wilhelmina","gender":"Female","phone":3572897134},{"id":750,"name":"Lorenza","gender":"Female","phone":3123781237},{"id":755,"name":"Lorenza","gender":"Female","phone":3123781237},{"id":753,"name":"Lorenza","gender":"Female","phone":3123781237},{"id":760,"name":"Magaret","gender":"Male","phone":8454504324},{"id":756,"name":"Pat","gender":"Male","phone":3090364327},{"id":758,"name":"Lorenza","gender":"Female","phone":3123781237},{"id":759,"name":"Lorenza","gender":"Female","phone":3123781237},{"id":764,"name":"Chrissy","gender":"Female","phone":5977718513},{"id":762,"name":"Misty","gender":"Female","phone":7732934163},{"id":763,"name":"Lorenza","gender":"Female","phone":3123781237},{"id":768,"name":"Lorenza","gender":"Female","phone":3123781237},{"id":766,"name":"Lorenza","gender":"Female","phone":3312820936},{"id":773,"name":"Consuela","gender":"Female","phone":3137268886},{"id":769,"name":"Heidi","gender":"Female","phone":2234141544},{"id":771,"name":"Lorenza","gender":"Female","phone":3123781237},{"id":778,"name":"Lorenza","gender":"Female","phone":3123781237},{"id":774,"name":"Lorenza","gender":"Female","phone":3123781237},{"id":776,"name":"Donnell","gender":"Female","phone":5115869195},{"id":777,"name":"Lorenza","gender":"Female","phone":3123781237},{"id":779,"name":"Yajaira","gender":"Female","phone":3026074066},{"id":780,"name":"Chase","gender":"Female","phone":5868927375},{"id":785,"name":"Lorenza","gender":"Female","phone":3123781237},{"id":782,"name":"Lorenza","gender":"Female","phone":3123781237},{"id":783,"name":"Elmer","gender":"Female","phone":4906330230},{"id":788,"name":"Lorenza","gender":"Female","phone":3123781237},{"id":786,"name":"Leigh","gender":"Male","phone":1950752274},{"id":802,"name":"Lorenza","gender":"Female","phone":3123781237},{"id":789,"name":"Marcy","gender":"Male","phone":5992593453},{"id":791,"name":"Lorenza","gender":"Female","phone":3123781237},{"id":792,"name":"Drusilla","gender":"Male","phone":7382645601},{"id":794,"name":"Lorenza","gender":"Female","phone":3123781237},{"id":795,"name":"Mike","gender":"Male","phone":1558836138},{"id":797,"name":"Lorenza","gender":"Female","phone":3123781237},{"id":798,"name":"Kecia","gender":"Female","phone":3745226064},{"id":800,"name":"Dennis","gender":"Male","phone":12345678901},{"id":804,"name":"Lorenza","gender":"Female","phone":3123781237},{"id":806,"name":"Pat","gender":"Female","phone":7052494556},{"id":805,"name":"Lorenza","gender":"Female","phone":3123781237},{"id":809,"name":"Lorenza","gender":"Female","phone":3123781237},{"id":810,"name":"Avril","gender":"Female","phone":3987825082},{"id":812,"name":"Lorenza","gender":"Female","phone":3123781237},{"id":813,"name":"Jonnie","gender":"Female","phone":3095649431},{"id":815,"name":"Lorenza","gender":"Female","phone":3123781237},{"id":816,"name":"Arlie","gender":"Female","phone":8579243079}]

22:03:43.286 skipping bootstrap configuration: could not find or read file: classpath:karate-config.js
22:03:43.295 request:
1 > POST http://52.55.102.92:8000/api/spartans
1 > Accept: application/json
1 > Accept-Encoding: gzip,deflate
1 > Connection: Keep-Alive
1 > Content-Length: 55
1 > Content-Type: application/json; charset=UTF-8
1 > Host: 52.55.102.92:8000
1 > User-Agent: Apache-HttpClient/4.5.12 (Java/13.0.2)
{"gender":"Female","name":"Lorenza","phone":3123781237}

22:03:43.545 response time in milliseconds: 249.35
1 < 201
1 < Connection: keep-alive
1 < Content-Type: application/json
1 < Date: Mon, 07 Dec 2020 21:03:44 GMT
1 < Keep-Alive: timeout=60
1 < Location: http://52.55.102.92:8000/api/spartans/834
1 < Transfer-Encoding: chunked
{"success":"A Spartan is Born!","data":{"id":834,"name":"Lorenza","gender":"Female","phone":3123781237}}

22:03:43.546 [print] {
  "data": {
    "gender": "Female",
    "phone": 3123781237,
    "name": "Lorenza",
    "id": 834
  },
  "success": "A Spartan is Born!"
}

22:03:43.552 skipping bootstrap configuration: could not find or read file: classpath:karate-config.js
22:03:43.790 request:
1 > POST http://52.55.102.92:8000/api/spartans
1 > Accept: application/json
1 > Accept-Encoding: gzip,deflate
1 > Connection: Keep-Alive
1 > Content-Length: 55
1 > Content-Type: application/json; charset=UTF-8
1 > Host: 52.55.102.92:8000
1 > User-Agent: Apache-HttpClient/4.5.12 (Java/13.0.2)
{"gender":"Female","phone":3945758722,"name":"Freddie"}

22:03:44.064 response time in milliseconds: 272.80
1 < 201
1 < Connection: keep-alive
1 < Content-Type: application/json
1 < Date: Mon, 07 Dec 2020 21:03:45 GMT
1 < Keep-Alive: timeout=60
1 < Location: http://52.55.102.92:8000/api/spartans/835
1 < Transfer-Encoding: chunked
{"success":"A Spartan is Born!","data":{"id":835,"name":"Freddie","gender":"Female","phone":3945758722}}

22:03:44.065 [print] {
  "data": {
    "gender": "Female",
    "phone": 3945758722,
    "name": "Freddie",
    "id": 835
  },
  "success": "A Spartan is Born!"
}

