22:09:04.428 skipping bootstrap configuration: could not find or read file: classpath:karate-config.js
22:09:05.081 request:
1 > GET https://api.exchangeratesapi.io/2010-01-12
1 > Accept-Encoding: gzip,deflate
1 > Connection: Keep-Alive
1 > Host: api.exchangeratesapi.io
1 > User-Agent: Apache-HttpClient/4.5.12 (Java/13.0.2)

22:09:05.460 response time in milliseconds: 375.15
1 < 200
1 < Access-Control-Allow-Credentials: true
1 < Access-Control-Allow-Methods: GET
1 < Access-Control-Allow-Origin: *
1 < Age: 1040
1 < CF-Cache-Status: HIT
1 < CF-RAY: 5fe139c54b821e5d-MUC
1 < Cache-Control: max-age=1800
1 < Connection: keep-alive
1 < Content-Type: application/json
1 < Date: Mon, 07 Dec 2020 21:09:05 GMT
1 < Expect-CT: max-age=604800, report-uri="https://report-uri.cloudflare.com/cdn-cgi/beacon/expect-ct"
1 < NEL: {"report_to":"cf-nel","max_age":604800}
1 < Report-To: {"endpoints":[{"url":"https:\/\/a.nel.cloudflare.com\/report?s=6KOlyeCpW%2B3Kopx1vzykAnH2fluwkNOivVI5Zw8Ibhsp7O%2BC9WtUQFDyWGNYULvz5KimpRGfaTzYy%2FB6Xm5r5oOTWi6jzv7GcBDloWK9BTsPTkk9MoK3FQ%3D%3D"}],"group":"cf-nel","max_age":604800}
1 < Server: cloudflare
1 < Set-Cookie: __cfduid=d3c8fa2c6c27afed34532603c410dc1cb1607375345; expires=Wed, 06-Jan-21 21:09:05 GMT; path=/; domain=.exchangeratesapi.io; HttpOnly; SameSite=Lax
1 < Transfer-Encoding: chunked
1 < Vary: Accept-Encoding
1 < cf-request-id: 06e0a26f5200001e5d59990000000001
{"rates":{"CAD":1.4959,"HKD":11.2301,"LVL":0.7093,"PHP":66.106,"DKK":7.4405,"HUF":268.18,"CZK":26.258,"AUD":1.5668,"RON":4.1405,"SEK":10.2215,"IDR":13281.14,"INR":66.21,"BRL":2.5309,"RUB":42.6974,"LTL":3.4528,"JPY":132.41,"THB":47.839,"CHF":1.4743,"SGD":2.0133,"PLN":4.0838,"BGN":1.9558,"TRY":2.1084,"CNY":9.8863,"NOK":8.1825,"NZD":1.9573,"ZAR":10.8264,"USD":1.4481,"MXN":18.4995,"EEK":15.6466,"GBP":0.8972,"KRW":1627.4,"MYR":4.8424,"HRK":7.2753},"base":"EUR","date":"2010-01-12"}

22:09:05.474 skipping bootstrap configuration: could not find or read file: classpath:karate-config.js
22:09:05.496 request:
1 > GET https://api.exchangeratesapi.io/latest
1 > Accept-Encoding: gzip,deflate
1 > Connection: Keep-Alive
1 > Host: api.exchangeratesapi.io
1 > User-Agent: Apache-HttpClient/4.5.12 (Java/13.0.2)

22:09:05.626 response time in milliseconds: 121.43
1 < 200
1 < Access-Control-Allow-Credentials: true
1 < Access-Control-Allow-Methods: GET
1 < Access-Control-Allow-Origin: *
1 < Age: 2291
1 < CF-Cache-Status: HIT
1 < CF-RAY: 5fe139c669497cd6-MUC
1 < Cache-Control: max-age=1800
1 < Connection: keep-alive
1 < Content-Type: application/json
1 < Date: Mon, 07 Dec 2020 21:09:05 GMT
1 < Expect-CT: max-age=604800, report-uri="https://report-uri.cloudflare.com/cdn-cgi/beacon/expect-ct"
1 < NEL: {"report_to":"cf-nel","max_age":604800}
1 < Report-To: {"endpoints":[{"url":"https:\/\/a.nel.cloudflare.com\/report?s=JRgyhrOKavK4BThobnUjUKBrpRS8vNJUuEZg%2Ft7itwxiZKsGCCSga6PAbC7MlL3fXiGeYHhptoi%2F%2FWnxYFUqZjLnZN44gn2Vm4cAneKyRcIRt%2BhSrsaXHg%3D%3D"}],"group":"cf-nel","max_age":604800}
1 < Server: cloudflare
1 < Set-Cookie: __cfduid=d0721b482bd903c340300b34986c4118f1607375345; expires=Wed, 06-Jan-21 21:09:05 GMT; path=/; domain=.exchangeratesapi.io; HttpOnly; SameSite=Lax
1 < Transfer-Encoding: chunked
1 < Vary: Accept-Encoding
1 < cf-request-id: 06e0a2700300007cd6be0e0000000001
{"rates":{"CAD":1.5537,"HKD":9.3999,"ISK":152.7,"PHP":58.421,"DKK":7.4433,"HUF":359.49,"CZK":26.482,"AUD":1.6374,"RON":4.8735,"SEK":10.2018,"IDR":17214.85,"INR":89.6285,"BRL":6.2124,"RUB":89.79,"HRK":7.54,"JPY":126.3,"THB":36.669,"CHF":1.0802,"SGD":1.6212,"PLN":4.467,"BGN":1.9558,"TRY":9.5053,"CNY":7.931,"NOK":10.6328,"NZD":1.7252,"ZAR":18.4244,"USD":1.2128,"MXN":24.0901,"ILS":3.9562,"GBP":0.91215,"KRW":1316.88,"MYR":4.9385},"base":"EUR","date":"2020-12-07"}

22:09:05.642 skipping bootstrap configuration: could not find or read file: classpath:karate-config.js
22:09:05.649 request:
1 > GET http://100.25.192.1:8000/api/spartans/10
1 > Accept-Encoding: gzip,deflate
1 > Connection: Keep-Alive
1 > Host: 100.25.192.1:8000
1 > User-Agent: Apache-HttpClient/4.5.12 (Java/13.0.2)

22:09:05.998 response time in milliseconds: 348.62
1 < 200
1 < Content-Type: application/json;charset=UTF-8
1 < Date: Mon, 07 Dec 2020 21:09:01 GMT
1 < Transfer-Encoding: chunked
{"id":10,"name":"Lorenza","gender":"Female","phone":3312820936}

22:09:05.999 [print] {
  "gender": "Female",
  "phone": 3312820936,
  "name": "Lorenza",
  "id": 10
}

22:09:06.018 skipping bootstrap configuration: could not find or read file: classpath:karate-config.js
22:09:06.029 request:
1 > POST http://52.55.102.92:8000/api/spartans
1 > Accept: application/json
1 > Accept-Encoding: gzip,deflate
1 > Connection: Keep-Alive
1 > Content-Length: 55
1 > Content-Type: application/json; charset=UTF-8
1 > Host: 52.55.102.92:8000
1 > User-Agent: Apache-HttpClient/4.5.12 (Java/13.0.2)
{"gender":"Female","name":"Lorenza","phone":3123781237}

22:09:06.317 response time in milliseconds: 287.48
1 < 500
1 < Connection: close
1 < Content-Type: application/json
1 < Date: Mon, 07 Dec 2020 21:09:07 GMT
1 < Transfer-Encoding: chunked
{"timestamp":"2020-12-07T21:09:08.059+00:00","status":500,"error":"Internal Server Error","message":"","path":"/api/spartans"}

22:09:06.318 status code was: 500, expected: 201, response time: 287, url: http://52.55.102.92:8000/api/spartans, response: {"path":"/api/spartans","error":"Internal Server Error","message":"","timestamp":"2020-12-07T21:09:08.059+00:00","status":500}
 skipping bootstrap configuration: could not find or read file: classpath:karate-config.js
22:07:39.631 request:
1 > GET http://100.25.192.1:8000/api/spartans
1 > Accept-Encoding: gzip,deflate
1 > Connection: Keep-Alive
1 > Host: 100.25.192.1:8000
1 > User-Agent: Apache-HttpClient/4.5.12 (Java/13.0.2)

22:07:39.997 response time in milliseconds: 246.75
1 < 200
1 < Content-Type: application/json;charset=UTF-8
1 < Date: Mon, 07 Dec 2020 21:07:35 GMT
1 < Transfer-Encoding: chunked
[{"id":117,"name":"Lorenza","gender":"Female","phone":3123781237},{"id":1,"name":"Meade","gender":"Male","phone":3584128232},{"id":2,"name":"Nels","gender":"Male","phone":4218971348},{"id":3,"name":"Fidole","gender":"Male","phone":6105035231},{"id":4,"name":"Paige","gender":"Female","phone":3786741487},{"id":5,"name":"Blythe","gender":"Female","phone":3677539542},{"id":6,"name":"Tedmund","gender":"Male","phone":2227140732},{"id":7,"name":"Hershel","gender":"Male","phone":5278678322},{"id":8,"name":"Rodolfo","gender":"Male","phone":9601637574},{"id":9,"name":"Florrie","gender":"Female","phone":1702025787},{"id":10,"name":"Lorenza","gender":"Female","phone":3312820936},{"id":11,"name":"Nona","gender":"Female","phone":7959094216},{"id":12,"name":"Sol","gender":"Male","phone":7006438852},{"id":13,"name":"Jaimie","gender":"Female","phone":7842554879},{"id":14,"name":"Grenville","gender":"Male","phone":1065669615},{"id":15,"name":"Meta","gender":"Female","phone":1938695106},{"id":16,"name":"Sinclair","gender":"Male","phone":9714460354},{"id":17,"name":"Wash","gender":"Male","phone":4978976378},{"id":18,"name":"Allen","gender":"Male","phone":8716150217},{"id":19,"name":"Bunnie","gender":"Female","phone":7662992732},{"id":20,"name":"Lothario","gender":"Male","phone":7551551687},{"id":21,"name":"Mark","gender":"Male","phone":1852873386},{"id":22,"name":"Koenraad","gender":"Male","phone":8451740840},{"id":23,"name":"Mervin","gender":"Male","phone":9098436816},{"id":24,"name":"Julio","gender":"Male","phone":9393139934},{"id":25,"name":"Valentin","gender":"Male","phone":1536037088},{"id":26,"name":"Correy","gender":"Female","phone":7823876031},{"id":27,"name":"Jeanelle","gender":"Female","phone":6662999903},{"id":28,"name":"Woodrow","gender":"Male","phone":7411659821},{"id":29,"name":"Dorelle","gender":"Female","phone":6687391932},{"id":30,"name":"Melania","gender":"Female","phone":8916944276},{"id":31,"name":"Maressa","gender":"Female","phone":2018031787},{"id":32,"name":"Tessie","gender":"Female","phone":9545879168},{"id":33,"name":"Wilek","gender":"Male","phone":2877865902},{"id":34,"name":"Tucky","gender":"Male","phone":2935099804},{"id":35,"name":"Gardiner","gender":"Male","phone":3751113352},{"id":36,"name":"Sylas","gender":"Male","phone":9853891474},{"id":37,"name":"Grannie","gender":"Male","phone":1075127669},{"id":38,"name":"Juan","gender":"Male","phone":9614487605},{"id":39,"name":"Eveleen","gender":"Female","phone":1362642898},{"id":40,"name":"Druci","gender":"Female","phone":4507606768},{"id":41,"name":"Rosy","gender":"Female","phone":6721964988},{"id":42,"name":"Atlante","gender":"Female","phone":4579688654},{"id":43,"name":"Reid","gender":"Male","phone":8833893900},{"id":44,"name":"Panchito","gender":"Male","phone":7486765293},{"id":45,"name":"Heddie","gender":"Female","phone":1271425843},{"id":46,"name":"Delora","gender":"Female","phone":4115324496},{"id":47,"name":"Domenic","gender":"Male","phone":3952704485},{"id":48,"name":"Wyatt","gender":"Male","phone":7682768714},{"id":49,"name":"Reinaldo","gender":"Male","phone":3623233145},{"id":50,"name":"Jennica","gender":"Female","phone":6986436734},{"id":51,"name":"Padriac","gender":"Male","phone":8444611168},{"id":52,"name":"Tome","gender":"Male","phone":5654109704},{"id":53,"name":"Berna","gender":"Female","phone":2072918455},{"id":54,"name":"Bevon","gender":"Male","phone":9831834168},{"id":55,"name":"Karmen","gender":"Female","phone":5052029186},{"id":56,"name":"Ewan","gender":"Male","phone":5733729948},{"id":57,"name":"Freida","gender":"Female","phone":5712679899},{"id":58,"name":"Alfy","gender":"Female","phone":6529078662},{"id":59,"name":"Mickey","gender":"Male","phone":8775768925},{"id":60,"name":"Elisabeth","gender":"Female","phone":8165224005},{"id":61,"name":"Earlie","gender":"Male","phone":5709633007},{"id":62,"name":"Robinia","gender":"Female","phone":3542611707},{"id":63,"name":"Clayton","gender":"Male","phone":1782167106},{"id":64,"name":"Putnam","gender":"Male","phone":6744135688},{"id":65,"name":"Sean","gender":"Male","phone":8566508311},{"id":66,"name":"Quentin","gender":"Male","phone":3159018391},{"id":67,"name":"Janette","gender":"Female","phone":9887020445},{"id":68,"name":"Adda","gender":"Female","phone":5361981152},{"id":69,"name":"Elinor","gender":"Female","phone":3161765672},{"id":70,"name":"Abbey","gender":"Male","phone":1259516767},{"id":71,"name":"Collen","gender":"Female","phone":9614634242},{"id":72,"name":"Orion","gender":"Male","phone":7485352272},{"id":73,"name":"Amalita","gender":"Female","phone":2663607211},{"id":74,"name":"Chen","gender":"Male","phone":9537864587},{"id":75,"name":"Leland","gender":"Female","phone":9672110769},{"id":76,"name":"Arnie","gender":"Male","phone":4541117370},{"id":77,"name":"Stevana","gender":"Female","phone":1459126818},{"id":78,"name":"Cob","gender":"Male","phone":1853354209},{"id":79,"name":"Philis","gender":"Female","phone":2277085963},{"id":80,"name":"Jocelin","gender":"Female","phone":4299058649},{"id":81,"name":"Georgianne","gender":"Female","phone":9594130239},{"id":82,"name":"Catie","gender":"Female","phone":4758237746},{"id":83,"name":"Franky","gender":"Male","phone":7647130621},{"id":84,"name":"Saw","gender":"Male","phone":2673833440},{"id":85,"name":"Ingamar","gender":"Male","phone":6835038785},{"id":86,"name":"Brook","gender":"Female","phone":2655095364},{"id":87,"name":"Fenelia","gender":"Female","phone":6475942543},{"id":88,"name":"Julie","gender":"Male","phone":1279288759},{"id":89,"name":"Adan","gender":"Male","phone":1111111111},{"id":90,"name":"TJ","gender":"Male","phone":1321231236},{"id":91,"name":"Jaquenetta","gender":"Female","phone":7338210388},{"id":92,"name":"Caitlin","gender":"Female","phone":6911121800},{"id":93,"name":"Chanda","gender":"Female","phone":9289012086},{"id":94,"name":"Marylee","gender":"Female","phone":6385380284},{"id":95,"name":"Lilias","gender":"Female","phone":5986446659},{"id":96,"name":"Abie","gender":"Male","phone":1788387111},{"id":97,"name":"Saleem","gender":"Male","phone":6586151920},{"id":98,"name":"Elita","gender":"Female","phone":1042902741},{"id":99,"name":"Adair","gender":"Male","phone":3154964396},{"id":111,"name":"MikeEU3","gender":"Male","phone":8877445596},{"id":112,"name":"MikeEU3","gender":"Male","phone":8877445596},{"id":102,"name":"MikeSmith","gender":"Male","phone":7035714586},{"id":104,"name":"MikeSmith","gender":"Male","phone":7035714586},{"id":113,"name":"Adan","gender":"Male","phone":1111111111},{"id":115,"name":"PutName","gender":"Male","phone":1321231236},{"id":103,"name":"MikeSmith","gender":"Male","phone":7035714586},{"id":105,"name":"MikeEU","gender":"Male","phone":8877445596},{"id":106,"name":"MikeEU","gender":"Male","phone":8877445596},{"id":107,"name":"MikeEU","gender":"Male","phone":8877445596},{"id":108,"name":"MikeEU","gender":"Male","phone":8877445596},{"id":109,"name":"MikeEU2","gender":"Male","phone":8877445596},{"id":110,"name":"MikeEU2","gender":"Male","phone":8877445596},{"id":114,"name":"Adan","gender":"Male","phone":1111111111}]

22:07:40.003 [print] [
  {
    "gender": "Female",
    "phone": 3123781237,
    "name": "Lorenza",
    "id": 117
  },
  {
    "gender": "Male",
    "phone": 3584128232,
    "name": "Meade",
    "id": 1
  },
  {
    "gender": "Male",
    "phone": 4218971348,
    "name": "Nels",
    "id": 2
  },
  {
    "gender": "Male",
    "phone": 6105035231,
    "name": "Fidole",
    "id": 3
  },
  {
    "gender": "Female",
    "phone": 3786741487,
    "name": "Paige",
    "id": 4
  },
  {
    "gender": "Female",
    "phone": 3677539542,
    "name": "Blythe",
    "id": 5
  },
  {
    "gender": "Male",
    "phone": 2227140732,
    "name": "Tedmund",
    "id": 6
  },
  {
    "gender": "Male",
    "phone": 5278678322,
    "name": "Hershel",
    "id": 7
  },
  {
    "gender": "Male",
    "phone": 9601637574,
    "name": "Rodolfo",
    "id": 8
  },
  {
    "gender": "Female",
    "phone": 1702025787,
    "name": "Florrie",
    "id": 9
  },
  {
    "gender": "Female",
    "phone": 3312820936,
    "name": "Lorenza",
    "id": 10
  },
  {
    "gender": "Female",
    "phone": 7959094216,
    "name": "Nona",
    "id": 11
  },
  {
    "gender": "Male",
    "phone": 7006438852,
    "name": "Sol",
    "id": 12
  },
  {
    "gender": "Female",
    "phone": 7842554879,
    "name": "Jaimie",
    "id": 13
  },
  {
    "gender": "Male",
    "phone": 1065669615,
    "name": "Grenville",
    "id": 14
  },
  {
    "gender": "Female",
    "phone": 1938695106,
    "name": "Meta",
    "id": 15
  },
  {
    "gender": "Male",
    "phone": 9714460354,
    "name": "Sinclair",
    "id": 16
  },
  {
    "gender": "Male",
    "phone": 4978976378,
    "name": "Wash",
    "id": 17
  },
  {
    "gender": "Male",
    "phone": 8716150217,
    "name": "Allen",
    "id": 18
  },
  {
    "gender": "Female",
    "phone": 7662992732,
    "name": "Bunnie",
    "id": 19
  },
  {
    "gender": "Male",
    "phone": 7551551687,
    "name": "Lothario",
    "id": 20
  },
  {
    "gender": "Male",
    "phone": 1852873386,
    "name": "Mark",
    "id": 21
  },
  {
    "gender": "Male",
    "phone": 8451740840,
    "name": "Koenraad",
    "id": 22
  },
  {
    "gender": "Male",
    "phone": 9098436816,
    "name": "Mervin",
    "id": 23
  },
  {
    "gender": "Male",
    "phone": 9393139934,
    "name": "Julio",
    "id": 24
  },
  {
    "gender": "Male",
    "phone": 1536037088,
    "name": "Valentin",
    "id": 25
  },
  {
    "gender": "Female",
    "phone": 7823876031,
    "name": "Correy",
    "id": 26
  },
  {
    "gender": "Female",
    "phone": 6662999903,
    "name": "Jeanelle",
    "id": 27
  },
  {
    "gender": "Male",
    "phone": 7411659821,
    "name": "Woodrow",
    "id": 28
  },
  {
    "gender": "Female",
    "phone": 6687391932,
    "name": "Dorelle",
    "id": 29
  },
  {
    "gender": "Female",
    "phone": 8916944276,
    "name": "Melania",
    "id": 30
  },
  {
    "gender": "Female",
    "phone": 2018031787,
    "name": "Maressa",
    "id": 31
  },
  {
    "gender": "Female",
    "phone": 9545879168,
    "name": "Tessie",
    "id": 32
  },
  {
    "gender": "Male",
    "phone": 2877865902,
    "name": "Wilek",
    "id": 33
  },
  {
    "gender": "Male",
    "phone": 2935099804,
    "name": "Tucky",
    "id": 34
  },
  {
    "gender": "Male",
    "phone": 3751113352,
    "name": "Gardiner",
    "id": 35
  },
  {
    "gender": "Male",
    "phone": 9853891474,
    "name": "Sylas",
    "id": 36
  },
  {
    "gender": "Male",
    "phone": 1075127669,
    "name": "Grannie",
    "id": 37
  },
  {
    "gender": "Male",
    "phone": 9614487605,
    "name": "Juan",
    "id": 38
  },
  {
    "gender": "Female",
    "phone": 1362642898,
    "name": "Eveleen",
    "id": 39
  },
  {
    "gender": "Female",
    "phone": 4507606768,
    "name": "Druci",
    "id": 40
  },
  {
    "gender": "Female",
    "phone": 6721964988,
    "name": "Rosy",
    "id": 41
  },
  {
    "gender": "Female",
    "phone": 4579688654,
    "name": "Atlante",
    "id": 42
  },
  {
    "gender": "Male",
    "phone": 8833893900,
    "name": "Reid",
    "id": 43
  },
  {
    "gender": "Male",
    "phone": 7486765293,
    "name": "Panchito",
    "id": 44
  },
  {
    "gender": "Female",
    "phone": 1271425843,
    "name": "Heddie",
    "id": 45
  },
  {
    "gender": "Female",
    "phone": 4115324496,
    "name": "Delora",
    "id": 46
  },
  {
    "gender": "Male",
    "phone": 3952704485,
    "name": "Domenic",
    "id": 47
  },
  {
    "gender": "Male",
    "phone": 7682768714,
    "name": "Wyatt",
    "id": 48
  },
  {
    "gender": "Male",
    "phone": 3623233145,
    "name": "Reinaldo",
    "id": 49
  },
  {
    "gender": "Female",
    "phone": 6986436734,
    "name": "Jennica",
    "id": 50
  },
  {
    "gender": "Male",
    "phone": 8444611168,
    "name": "Padriac",
    "id": 51
  },
  {
    "gender": "Male",
    "phone": 5654109704,
    "name": "Tome",
    "id": 52
  },
  {
    "gender": "Female",
    "phone": 2072918455,
    "name": "Berna",
    "id": 53
  },
  {
    "gender": "Male",
    "phone": 9831834168,
    "name": "Bevon",
    "id": 54
  },
  {
    "gender": "Female",
    "phone": 5052029186,
    "name": "Karmen",
    "id": 55
  },
  {
    "gender": "Male",
    "phone": 5733729948,
    "name": "Ewan",
    "id": 56
  },
  {
    "gender": "Female",
    "phone": 5712679899,
    "name": "Freida",
    "id": 57
  },
  {
    "gender": "Female",
    "phone": 6529078662,
    "name": "Alfy",
    "id": 58
  },
  {
    "gender": "Male",
    "phone": 8775768925,
    "name": "Mickey",
    "id": 59
  },
  {
    "gender": "Female",
    "phone": 8165224005,
    "name": "Elisabeth",
    "id": 60
  },
  {
    "gender": "Male",
    "phone": 5709633007,
    "name": "Earlie",
    "id": 61
  },
  {
    "gender": "Female",
    "phone": 3542611707,
    "name": "Robinia",
    "id": 62
  },
  {
    "gender": "Male",
    "phone": 1782167106,
    "name": "Clayton",
    "id": 63
  },
  {
    "gender": "Male",
    "phone": 6744135688,
    "name": "Putnam",
    "id": 64
  },
  {
    "gender": "Male",
    "phone": 8566508311,
    "name": "Sean",
    "id": 65
  },
  {
    "gender": "Male",
    "phone": 3159018391,
    "name": "Quentin",
    "id": 66
  },
  {
    "gender": "Female",
    "phone": 9887020445,
    "name": "Janette",
    "id": 67
  },
  {
    "gender": "Female",
    "phone": 5361981152,
    "name": "Adda",
    "id": 68
  },
  {
    "gender": "Female",
    "phone": 3161765672,
    "name": "Elinor",
    "id": 69
  },
  {
    "gender": "Male",
    "phone": 1259516767,
    "name": "Abbey",
    "id": 70
  },
  {
    "gender": "Female",
    "phone": 9614634242,
    "name": "Collen",
    "id": 71
  },
  {
    "gender": "Male",
    "phone": 7485352272,
    "name": "Orion",
    "id": 72
  },
  {
    "gender": "Female",
    "phone": 2663607211,
    "name": "Amalita",
    "id": 73
  },
  {
    "gender": "Male",
    "phone": 9537864587,
    "name": "Chen",
    "id": 74
  },
  {
    "gender": "Female",
    "phone": 9672110769,
    "name": "Leland",
    "id": 75
  },
  {
    "gender": "Male",
    "phone": 4541117370,
    "name": "Arnie",
    "id": 76
  },
  {
    "gender": "Female",
    "phone": 1459126818,
    "name": "Stevana",
    "id": 77
  },
  {
    "gender": "Male",
    "phone": 1853354209,
    "name": "Cob",
    "id": 78
  },
  {
    "gender": "Female",
    "phone": 2277085963,
    "name": "Philis",
    "id": 79
  },
  {
    "gender": "Female",
    "phone": 4299058649,
    "name": "Jocelin",
    "id": 80
  },
  {
    "gender": "Female",
    "phone": 9594130239,
    "name": "Georgianne",
    "id": 81
  },
  {
    "gender": "Female",
    "phone": 4758237746,
    "name": "Catie",
    "id": 82
  },
  {
    "gender": "Male",
    "phone": 7647130621,
    "name": "Franky",
    "id": 83
  },
  {
    "gender": "Male",
    "phone": 2673833440,
    "name": "Saw",
    "id": 84
  },
  {
    "gender": "Male",
    "phone": 6835038785,
    "name": "Ingamar",
    "id": 85
  },
  {
    "gender": "Female",
    "phone": 2655095364,
    "name": "Brook",
    "id": 86
  },
  {
    "gender": "Female",
    "phone": 6475942543,
    "name": "Fenelia",
    "id": 87
  },
  {
    "gender": "Male",
    "phone": 1279288759,
    "name": "Julie",
    "id": 88
  },
  {
    "gender": "Male",
    "phone": 1111111111,
    "name": "Adan",
    "id": 89
  },
  {
    "gender": "Male",
    "phone": 1321231236,
    "name": "TJ",
    "id": 90
  },
  {
    "gender": "Female",
    "phone": 7338210388,
    "name": "Jaquenetta",
    "id": 91
  },
  {
    "gender": "Female",
    "phone": 6911121800,
    "name": "Caitlin",
    "id": 92
  },
  {
    "gender": "Female",
    "phone": 9289012086,
    "name": "Chanda",
    "id": 93
  },
  {
    "gender": "Female",
    "phone": 6385380284,
    "name": "Marylee",
    "id": 94
  },
  {
    "gender": "Female",
    "phone": 5986446659,
    "name": "Lilias",
    "id": 95
  },
  {
    "gender": "Male",
    "phone": 1788387111,
    "name": "Abie",
    "id": 96
  },
  {
    "gender": "Male",
    "phone": 6586151920,
    "name": "Saleem",
    "id": 97
  },
  {
    "gender": "Female",
    "phone": 1042902741,
    "name": "Elita",
    "id": 98
  },
  {
    "gender": "Male",
    "phone": 3154964396,
    "name": "Adair",
    "id": 99
  },
  {
    "gender": "Male",
    "phone": 8877445596,
    "name": "MikeEU3",
    "id": 111
  },
  {
    "gender": "Male",
    "phone": 8877445596,
    "name": "MikeEU3",
    "id": 112
  },
  {
    "gender": "Male",
    "phone": 7035714586,
    "name": "MikeSmith",
    "id": 102
  },
  {
    "gender": "Male",
    "phone": 7035714586,
    "name": "MikeSmith",
    "id": 104
  },
  {
    "gender": "Male",
    "phone": 1111111111,
    "name": "Adan",
    "id": 113
  },
  {
    "gender": "Male",
    "phone": 1321231236,
    "name": "PutName",
    "id": 115
  },
  {
    "gender": "Male",
    "phone": 7035714586,
    "name": "MikeSmith",
    "id": 103
  },
  {
    "gender": "Male",
    "phone": 8877445596,
    "name": "MikeEU",
    "id": 105
  },
  {
    "gender": "Male",
    "phone": 8877445596,
    "name": "MikeEU",
    "id": 106
  },
  {
    "gender": "Male",
    "phone": 8877445596,
    "name": "MikeEU",
    "id": 107
  },
  {
    "gender": "Male",
    "phone": 8877445596,
    "name": "MikeEU",
    "id": 108
  },
  {
    "gender": "Male",
    "phone": 8877445596,
    "name": "MikeEU2",
    "id": 109
  },
  {
    "gender": "Male",
    "phone": 8877445596,
    "name": "MikeEU2",
    "id": 110
  },
  {
    "gender": "Male",
    "phone": 1111111111,
    "name": "Adan",
    "id": 114
  }
]

22:07:40.011 skipping bootstrap configuration: could not find or read file: classpath:karate-config.js
22:07:40.018 request:
1 > GET http://100.25.192.1:8000/api/spartans/10
1 > Accept-Encoding: gzip,deflate
1 > Connection: Keep-Alive
1 > Host: 100.25.192.1:8000
1 > User-Agent: Apache-HttpClient/4.5.12 (Java/13.0.2)

22:07:40.301 response time in milliseconds: 282.98
1 < 200
1 < Content-Type: application/json;charset=UTF-8
1 < Date: Mon, 07 Dec 2020 21:07:35 GMT
1 < Transfer-Encoding: chunked
{"id":10,"name":"Lorenza","gender":"Female","phone":3312820936}

22:07:40.305 [print] {
  "gender": "Female",
  "phone": 3312820936,
  "name": "Lorenza",
  "id": 10
}

22:07:40.311 skipping bootstrap configuration: could not find or read file: classpath:karate-config.js
22:07:40.314 request:
1 > GET http://100.25.192.1:8000/api/spartans/10
1 > Accept-Encoding: gzip,deflate
1 > Connection: Keep-Alive
1 > Host: 100.25.192.1:8000
1 > User-Agent: Apache-HttpClient/4.5.12 (Java/13.0.2)

22:07:40.567 response time in milliseconds: 252.71
1 < 200
1 < Content-Type: application/json;charset=UTF-8
1 < Date: Mon, 07 Dec 2020 21:07:35 GMT
1 < Transfer-Encoding: chunked
{"id":10,"name":"Lorenza","gender":"Female","phone":3312820936}

22:07:40.568 [print] {
  "gender": "Female",
  "phone": 3312820936,
  "name": "Lorenza",
  "id": 10
}

}

